-- Found ament_cmake: 2.7.3 (/opt/ros/kilted/share/ament_cmake/cmake)
-- Found std_msgs: 5.5.0 (/opt/ros/kilted/share/std_msgs/cmake)
-- Found rosidl_generator_c: 4.9.5 (/opt/ros/kilted/share/rosidl_generator_c/cmake)
-- Found rosidl_generator_cpp: 4.9.5 (/opt/ros/kilted/share/rosidl_generator_cpp/cmake)
-- Using all available rosidl_typesupport_c: rosidl_typesupport_fastrtps_c;rosidl_typesupport_introspection_c
-- Using all available rosidl_typesupport_cpp: rosidl_typesupport_fastrtps_cpp;rosidl_typesupport_introspection_cpp
-- Found rclcpp: 29.5.2 (/opt/ros/kilted/share/rclcpp/cmake)
-- Found rmw_implementation_cmake: 7.8.2 (/opt/ros/kilted/share/rmw_implementation_cmake/cmake)
-- Found rmw_fastrtps_cpp: 9.3.2 (/opt/ros/kilted/share/rmw_fastrtps_cpp/cmake)
-- Using RMW implementation 'rmw_fastrtps_cpp' as default
-- Found ament_lint_auto: 0.19.2 (/opt/ros/kilted/share/ament_lint_auto/cmake)
-- Added test 'cppcheck' to perform static code analysis on C / C++ code
-- Configured cppcheck include dirs: 
-- Configured cppcheck exclude dirs and/or files: 
-- Added test 'lint_cmake' to check CMake code style
-- Added test 'uncrustify' to check C / C++ code style
-- Configured uncrustify additional arguments: 
-- Added test 'xmllint' to check XML markup files
-- Configuring done (0.6s)
-- Generating done (0.0s)
-- Build files have been written to: /home/uez2rc/network-comms-project/build/network-comms
[ 33%] [32mBuilding CXX object CMakeFiles/net_node.dir/src/server.cpp.o[0m
[ 66%] [32mBuilding CXX object CMakeFiles/net_node.dir/src/net-node.cpp.o[0m
[01m[K/home/uez2rc/network-comms-project/ros2-ws/src/network-comms/src/net-node.cpp:8:10:[m[K [01;31m[Kfatal error: [m[Krclcpp/rclcpp.hpp: No such file or directory
    8 | #include [01;31m[K"rclcpp/rclcpp.hpp"[m[K
      |          [01;31m[K^~~~~~~~~~~~~~~~~~~[m[K
compilation terminated.
gmake[2]: *** [CMakeFiles/net_node.dir/build.make:76: CMakeFiles/net_node.dir/src/net-node.cpp.o] Error 1
gmake[2]: *** Waiting for unfinished jobs....
[01m[K/home/uez2rc/network-comms-project/ros2-ws/src/network-comms/src/server.cpp:[m[K In function â€˜[01m[Kint[01;32m[K create_server[m[K(ThreadInfo*)[m[Kâ€™:
[01m[K/home/uez2rc/network-comms-project/ros2-ws/src/network-comms/src/server.cpp:25:20:[m[K [01;31m[Kerror: [m[Kâ€˜[01m[Kruntime_error[m[Kâ€™ is not a member of â€˜[01m[Kstd[m[Kâ€™
   25 |         throw std::[01;31m[Kruntime_error[m[K("Error setting socket options");
      |                    [01;31m[K^~~~~~~~~~~~~[m[K
[01m[K/home/uez2rc/network-comms-project/ros2-ws/src/network-comms/src/server.cpp:8:1:[m[K [01;36m[Knote: [m[Kâ€˜[01m[Kstd::runtime_error[m[Kâ€™ is defined in header â€˜[01m[K<stdexcept>[m[Kâ€™; did you forget to â€˜[01m[K#include <stdexcept>[m[Kâ€™?
    7 | #include "main.hpp"
  +++ |+[32m[K#include <stdexcept>[m[K
    8 | 
[01m[K/home/uez2rc/network-comms-project/ros2-ws/src/network-comms/src/server.cpp:12:10:[m[K [01;35m[Kwarning: [m[Kunused variable â€˜[01m[Kserver_message[m[Kâ€™ [[01;35m[K]8;;https://gcc.gnu.org/onlinedocs/gcc/Warning-Options.html#index-Wunused-variable-Wunused-variable]8;;[m[K]
   12 |     char [01;35m[Kserver_message[m[K[2000], client_message[2000];
      |          [01;35m[K^~~~~~~~~~~~~~[m[K
[01m[K/home/uez2rc/network-comms-project/ros2-ws/src/network-comms/src/server.cpp:12:32:[m[K [01;35m[Kwarning: [m[Kunused variable â€˜[01m[Kclient_message[m[Kâ€™ [[01;35m[K]8;;https://gcc.gnu.org/onlinedocs/gcc/Warning-Options.html#index-Wunused-variable-Wunused-variable]8;;[m[K]
   12 |     char server_message[2000], [01;35m[Kclient_message[m[K[2000];
      |                                [01;35m[K^~~~~~~~~~~~~~[m[K
[01m[K/home/uez2rc/network-comms-project/ros2-ws/src/network-comms/src/server.cpp:13:15:[m[K [01;35m[Kwarning: [m[Kunused variable â€˜[01m[Kclient_struct_length[m[Kâ€™ [[01;35m[K]8;;https://gcc.gnu.org/onlinedocs/gcc/Warning-Options.html#index-Wunused-variable-Wunused-variable]8;;[m[K]
   13 |     socklen_t [01;35m[Kclient_struct_length[m[K = sizeof(client_addr);
      |               [01;35m[K^~~~~~~~~~~~~~~~~~~~[m[K
gmake[2]: *** [CMakeFiles/net_node.dir/build.make:90: CMakeFiles/net_node.dir/src/server.cpp.o] Error 1
gmake[1]: *** [CMakeFiles/Makefile2:137: CMakeFiles/net_node.dir/all] Error 2
gmake: *** [Makefile:146: all] Error 2
